2008-03-20 11:09:05 Notice: Notice (1024): Please change the value of 'Security.salt' in app/config/core.php to a salt value specific to your application in [CORE/cake/libs/debugger.php, line 535]
2008-03-20 11:21:18 Notice: Notice (1024): Please change the value of 'Security.salt' in app/config/core.php to a salt value specific to your application in [CORE/cake/libs/debugger.php, line 535]
2008-03-20 12:54:51 Notice: Notice (1024): Please change the value of 'Security.salt' in app/config/core.php to a salt value specific to your application in [CORE/cake/libs/debugger.php, line 535]
2008-03-20 13:14:43 Notice: Notice (8): Undefined variable: hello in [APP/views/test/hello_world.ctp, line 1]
2008-09-26 11:31:08 Notice: Notice (8): Undefined property:  PagesController::$Page in [APP/controllers/pages_controller.php, line 87]
2008-10-08 23:29:05 Notice: Notice (8): Undefined property:  View::$Session in [APP/views/elements/flash.ctp, line 2]
2008-10-08 23:29:07 Notice: Notice (8): Undefined property:  View::$Session in [APP/views/elements/flash.ctp, line 2]
2008-10-10 18:37:39 Notice: Notice (8): Undefined variable: recursive in [APP/controllers/institutes_controller.php, line 22]
2008-10-10 23:09:55 Notice: Notice (8): Undefined index:  name in [APP/views/records/admin_index.ctp, line 21]
2008-10-10 23:09:55 Notice: Notice (8): Undefined index:  version in [APP/views/records/admin_index.ctp, line 27]
2008-10-10 23:09:55 Notice: Notice (8): Undefined index:  source_type in [APP/views/records/admin_index.ctp, line 30]
2008-10-10 23:09:55 Notice: Notice (8): Undefined index:  source_type in [APP/views/records/admin_index.ctp, line 34]
2008-10-10 23:09:55 Notice: Notice (8): Undefined index:  floor in [APP/views/records/admin_index.ctp, line 56]
2008-10-10 23:14:46 Notice: Notice (8): Undefined index:  field in [APP/views/records/admin_index.ctp, line 17]
2008-10-10 23:22:59 Notice: Notice (8): Undefined index:  name in [APP/views/records/admin_view.ctp, line 1]
2008-10-10 23:22:59 Notice: Notice (8): Undefined index:  version in [APP/views/records/admin_view.ctp, line 7]
2008-10-10 23:22:59 Notice: Notice (8): Undefined index:  source_type in [APP/views/records/admin_view.ctp, line 8]
2008-10-10 23:22:59 Notice: Notice (8): Undefined index:  source_type in [APP/views/records/admin_view.ctp, line 10]
2008-10-10 23:22:59 Notice: Notice (8): Undefined index:  floor in [APP/views/records/admin_view.ctp, line 26]
2008-10-11 09:19:18 Notice: Notice (8): Undefined property:  InstitutesController::$Leader in [APP/controllers/institutes_controller.php, line 51]
2008-10-11 09:34:32 Notice: Notice (8): Undefined variable: phrases in [APP/views/phrases/admin_index.ctp, line 11]
2008-10-11 11:23:49 Notice: Notice (8): Undefined variable: reocrds in [APP/views/institutes/admin_records.ctp, line 12]
